<?xml version="1.0" encoding="UTF-8"?>
<!-- Generated by org.testng.reporters.JUnitXMLReporter -->
<testsuite ignored="0" hostname="DESKTOP-QEQU177" failures="0" tests="1" name="Test" time="0.519" errors="0" timestamp="2023-06-07T13:41:31 IST">
  <testcase classname="com.actitime.generic.baseclass" name="@BeforeTest openbrowser" time="0.302">
    <failure type="java.lang.IllegalStateException" message="The driver executable does not exist: C:\Users\acer\eclipse-workspace\ACTITIME\.\src\main\resources\driver\chromedriver.exe">
      <![CDATA[java.lang.IllegalStateException: The driver executable does not exist: C:\Users\acer\eclipse-workspace\ACTITIME\.\src\main\resources\driver\chromedriver.exe
at com.google.common.base.Preconditions.checkState(Preconditions.java:585)
at org.openqa.selenium.remote.service.DriverService.checkExecutable(DriverService.java:146)
at org.openqa.selenium.remote.service.DriverService.findExecutable(DriverService.java:141)
at org.openqa.selenium.chrome.ChromeDriverService.access$000(ChromeDriverService.java:35)
at org.openqa.selenium.chrome.ChromeDriverService$Builder.findDefaultExecutable(ChromeDriverService.java:159)
at org.openqa.selenium.remote.service.DriverService$Builder.build(DriverService.java:355)
at org.openqa.selenium.chrome.ChromeDriverService.createDefaultService(ChromeDriverService.java:94)
at org.openqa.selenium.chrome.ChromeDriver.<init>(ChromeDriver.java:123)
at com.actitime.generic.baseclass.openbrowser(baseclass.java:28)
... Removed 24 stack frames]]>
    </failure>
  </testcase> <!-- @BeforeTest openbrowser -->
  <testcase classname="com.actitime.generic.baseclass" name="@BeforeMethod login" time="-1.686125491554E9">
    <skipped/>
  </testcase> <!-- @BeforeMethod login -->
  <testcase classname="com.actitime.generic.baseclass" name="@AfterMethod logout" time="-1.686125491582E9">
    <skipped/>
  </testcase> <!-- @AfterMethod logout -->
  <testcase classname="com.actitime.generic.baseclass" name="@AfterTest closebrowser" time="-1.686125491602E9">
    <skipped/>
  </testcase> <!-- @AfterTest closebrowser -->
  <testcase classname="com.testscripts.createproject" name="createcustomer" time="0.0">
    <skipped/>
  </testcase> <!-- createcustomer -->
</testsuite> <!-- Test -->
